2023-07-04 13:54:36,718 - INFO - Scraping process started.
2023-07-04 13:54:36,718 - INFO - Initiating chrome web driver.
2023-07-04 13:54:36,718 - INFO - ====== WebDriver manager ======
2023-07-04 13:54:36,773 - INFO - Driver [/Users/abdulrehman/.wdm/drivers/chromedriver/mac_arm64/114.0.5735.90/chromedriver] found in cache
2023-07-04 13:54:38,142 - INFO - Searching for query: restaurants
2023-07-04 13:54:43,250 - INFO - Loading feed.
2023-07-04 13:54:43,436 - INFO - ====== New Business ======
2023-07-04 13:54:45,097 - INFO - Title: DINE FINE
2023-07-04 13:54:45,109 - INFO - Rating: 4.9(10)
2023-07-04 13:54:45,181 - INFO - Place Info: House No 8، Street 2 Pir Makki Rd, Data Gunj Buksh Town, Lahore, Punjab
2023-07-04 13:54:45,182 - INFO - Place Info: House No 8، Street 2 Pir Makki Rd، داتا گنج بخش ٹاؤن، لاہور, Lahore, پنجاب
2023-07-04 13:54:45,183 - INFO - Phone Info: 0300 4442032
2023-07-04 13:54:45,183 - INFO - Send To Mobile Info: Send to your phone
2023-07-04 13:54:45,184 - INFO - Other Info: Send to your phone
2023-07-04 13:54:45,194 - INFO - Shipping Info: 
2023-07-04 13:54:45,194 - INFO - Tuesday: Open 24 hours
2023-07-04 13:54:45,194 - INFO - Wednesday: Open 24 hours
2023-07-04 13:54:45,195 - INFO - Thursday: Open 24 hours
2023-07-04 13:54:45,195 - INFO - Friday: Open 24 hours
2023-07-04 13:54:45,195 - INFO - Saturday: Open 24 hours
2023-07-04 13:54:45,195 - INFO - Sunday: Open 24 hours
2023-07-04 13:54:45,195 - INFO - Monday: Open 24 hours
2023-07-04 13:54:47,238 - INFO - ~~~~~~ Scrolling ~~~~~~
2023-07-04 13:54:47,308 - INFO - ====== New Business ======
2023-07-04 13:54:48,339 - INFO - Title: Andaaz Restaurant
2023-07-04 13:54:48,351 - INFO - Rating: 4.1(1,545)
2023-07-04 13:54:48,457 - INFO - Place Info: 2189 A Fort Rd, Shahi Mohallah Walled City of Lahore, Lahore, Punjab
2023-07-04 13:54:48,458 - INFO - Place Info: 2189 A Fort Rd, ہیرا منڈی Shahi Mohallah اندرون لاہور، لاہور, ضلع لاہور, پنجاب
2023-07-04 13:54:48,459 - INFO - Other Info: 2189 A Fort Rd, ہیرا منڈی Shahi Mohallah اندرون لاہور، لاہور, ضلع لاہور, پنجاب
2023-07-04 13:54:48,459 - INFO - Website Info: andaazrestaurant.com
2023-07-04 13:54:48,460 - INFO - Phone Info: 0300 0263229
2023-07-04 13:54:48,461 - INFO - Send To Mobile Info: Send to your phone
2023-07-04 13:54:48,461 - INFO - Place Info: Identifies as women-owned
2023-07-04 13:54:48,472 - INFO - Shipping Info: 
2023-07-04 13:54:48,473 - INFO - Tuesday: 5–11 pm
2023-07-04 13:54:48,473 - INFO - Wednesday: 5–11 pm
2023-07-04 13:54:48,473 - INFO - Thursday: 5–11 pm
2023-07-04 13:54:48,473 - INFO - Friday: 5–11 pm
2023-07-04 13:54:48,473 - INFO - Saturday: 5–11 pm
2023-07-04 13:54:48,473 - INFO - Sunday: 5 pm–11 am
2023-07-04 13:54:48,473 - INFO - Monday: Closed
2023-07-04 13:54:50,533 - INFO - ~~~~~~ Scrolling ~~~~~~
2023-07-04 13:54:50,598 - INFO - ====== New Business ======
2023-07-04 13:54:51,642 - INFO - Title: Cooco's Den
2023-07-04 13:54:51,654 - INFO - Rating: 3.9(2,641)
2023-07-04 13:54:51,749 - INFO - Place Info: Roshnai Gate, 2168/A Food St Fort Rd, Shahi Mohallah Walled City of Lahore, Lahore, Punjab
2023-07-04 13:54:51,749 - INFO - Place Info: Roshnai Gate, 2168/A Food St Fort Rd, ہیرا منڈی Shahi Mohallah اندرون لاہور، لاہور, ضلع لاہور, پنجاب
2023-07-04 13:54:51,750 - INFO - Other Info: Roshnai Gate, 2168/A Food St Fort Rd, ہیرا منڈی Shahi Mohallah اندرون لاہور، لاہور, ضلع لاہور, پنجاب
2023-07-04 13:54:51,751 - INFO - Shipping Info: Place an order|crispy.pk
2023-07-04 13:54:51,752 - INFO - Website Info: crispy.pk
2023-07-04 13:54:51,753 - INFO - Phone Info: 0300 9472407
2023-07-04 13:54:51,754 - INFO - Send To Mobile Info: Send to your phone
2023-07-04 13:54:51,764 - INFO - Shipping Info: 
2023-07-04 13:54:51,765 - INFO - Tuesday: 12 pm–1 am
2023-07-04 13:54:51,765 - INFO - Wednesday: 12 pm–1 am
2023-07-04 13:54:51,765 - INFO - Thursday: 12 pm–1 am
2023-07-04 13:54:51,765 - INFO - Friday: 12 pm–1 am
2023-07-04 13:54:51,765 - INFO - Saturday: 12 pm–1 am
2023-07-04 13:54:51,765 - INFO - Sunday: 12 pm–1 am
2023-07-04 13:54:51,765 - INFO - Monday: 12 pm–1 am
2023-07-04 13:54:53,807 - INFO - ~~~~~~ Scrolling ~~~~~~
2023-07-04 13:54:53,893 - INFO - ====== New Business ======
2023-07-04 13:54:54,902 - INFO - Title: Haveli Restaurant
2023-07-04 13:54:54,919 - INFO - Rating: 4.2(11,899)
2023-07-04 13:54:54,995 - INFO - Place Info: 2170-A Food St Fort Rd, opposite Badshahi Mosque, Shahi Mohallah Walled City of Lahore, Lahore, Punjab
2023-07-04 13:54:54,996 - INFO - Place Info: 2170-A Food St Fort Rd, opposite Badshahi Mosque, Shahi Mohallah اندرون لاہور، لاہور, ضلع لاہور, پنجاب
2023-07-04 13:54:54,996 - INFO - Website Info: haveli.com.pk
2023-07-04 13:54:54,997 - INFO - Phone Info: 0300 8414899
2023-07-04 13:54:54,998 - INFO - Send To Mobile Info: Send to your phone
2023-07-04 13:54:55,010 - INFO - Shipping Info: 
2023-07-04 13:54:55,010 - INFO - Tuesday: 12 pm–12:30 am
2023-07-04 13:54:55,010 - INFO - Wednesday: 12 pm–12:30 am
2023-07-04 13:54:55,011 - INFO - Thursday: 12 pm–12:30 am
2023-07-04 13:54:55,011 - INFO - Friday: 12 pm–12:30 am
2023-07-04 13:54:55,011 - INFO - Saturday: 12 pm–1 am
2023-07-04 13:54:55,011 - INFO - Sunday: 12 pm–12:30 am
2023-07-04 13:54:55,011 - INFO - Monday: 12 pm–12:30 am
2023-07-04 13:54:57,059 - INFO - ~~~~~~ Scrolling ~~~~~~
2023-07-04 13:54:57,158 - INFO - ====== New Business ======
2023-07-04 13:54:58,224 - INFO - Title: Bar-e-Sagheer Restaurant
2023-07-04 13:54:58,242 - INFO - Rating: 4.0(51)
2023-07-04 13:54:58,397 - INFO - Place Info: Near Ravi toll tax shahdrah, Lahore, 54000
2023-07-04 13:54:58,398 - INFO - Place Info: Near Ravi toll tax shahdrah, لاہور, Lahore, 54000
2023-07-04 13:54:58,398 - INFO - Shipping Info: Place an order|foodpanda.pk
2023-07-04 13:54:58,399 - INFO - Phone Info: 0323 5210020
2023-07-04 13:54:58,400 - INFO - Send To Mobile Info: Send to your phone
2023-07-04 13:54:58,412 - INFO - Shipping Info: 
2023-07-04 13:54:58,412 - INFO - Tuesday: 5 pm–12 am
2023-07-04 13:54:58,412 - INFO - Wednesday: 5 pm–12 am
2023-07-04 13:54:58,412 - INFO - Thursday: 5 pm–12 am
2023-07-04 13:54:58,412 - INFO - Friday: 5 pm–12 am
2023-07-04 13:54:58,412 - INFO - Saturday: 5 pm–12 am
2023-07-04 13:54:58,412 - INFO - Sunday: 5 pm–12 am
2023-07-04 13:54:58,412 - INFO - Monday: 5 pm–12 am
2023-07-04 13:55:00,450 - INFO - ~~~~~~ Scrolling ~~~~~~
2023-07-04 13:55:00,562 - INFO - ====== New Business ======
2023-07-04 13:55:01,607 - INFO - Title: Ghani Jee Restaurant
2023-07-04 13:55:01,625 - INFO - Rating: 3.7(167)
2023-07-04 13:55:01,741 - INFO - Place Info: 8 (A Abbott Road, Royal Park Lahore, Punjab 54000
2023-07-04 13:55:01,742 - INFO - Place Info: 8 (A ایبٹ روڈ، رویل پارک Royal Park، لاہور, ضلع لاہور, پنجاب 54000
2023-07-04 13:55:01,742 - INFO - Shipping Info: Place an order|foodpanda.pk
2023-07-04 13:55:01,743 - INFO - Website Info: facebook.com
2023-07-04 13:55:01,744 - INFO - Phone Info: 0322 6435061
2023-07-04 13:55:01,745 - INFO - Send To Mobile Info: Send to your phone
2023-07-04 13:55:01,758 - INFO - Shipping Info: 
2023-07-04 13:55:01,758 - INFO - Tuesday: 6:30 am–2 am
2023-07-04 13:55:01,758 - INFO - Wednesday: 6:30 am–2 am
2023-07-04 13:55:01,758 - INFO - Thursday: 6:30 am–2 am
2023-07-04 13:55:01,758 - INFO - Friday: 6:30 am–2 am
2023-07-04 13:55:01,758 - INFO - Saturday: 6:30 am–2 am
2023-07-04 13:55:01,758 - INFO - Sunday: 6:30 am–2 am
2023-07-04 13:55:01,758 - INFO - Monday: 6:30 am–2 am
2023-07-04 13:55:03,794 - INFO - ~~~~~~ Scrolling ~~~~~~
2023-07-04 13:55:03,886 - INFO - ====== New Business ======
2023-07-04 13:55:04,979 - INFO - Title: Carry Homes Restaurant
2023-07-04 13:55:04,997 - INFO - Rating: 4.2(181)
2023-07-04 13:55:05,087 - INFO - Place Info: H86C+X47, Beadon Rd, Mayo Gardens, Lahore, Punjab, Garhi Shahu, Lahore, Punjab 54000
2023-07-04 13:55:05,088 - INFO - Place Info: H86C+X47, Beadon Rd, Mayo Gardens, Lahore, Punjab, گڑہی شاہو، لاہور, Lahore, پنجاب 54000
2023-07-04 13:55:05,089 - INFO - Phone Info: (042) 36303811
2023-07-04 13:55:05,089 - INFO - Send To Mobile Info: Send to your phone
2023-07-04 13:55:05,090 - INFO - Other Info: Send to your phone
2023-07-04 13:55:05,102 - INFO - Shipping Info: 
2023-07-04 13:55:05,102 - INFO - Tuesday: 11 am–8 pm
2023-07-04 13:55:05,102 - INFO - Wednesday: 11 am–8 pm
2023-07-04 13:55:05,103 - INFO - Thursday: 11 am–8 pm
2023-07-04 13:55:05,103 - INFO - Friday: 11 am–8 pm
2023-07-04 13:55:05,103 - INFO - Saturday: 11 am–8 pm
2023-07-04 13:55:05,103 - INFO - Sunday: Closed
2023-07-04 13:55:05,103 - INFO - Monday: 11 am–8 pm
2023-07-04 13:55:07,155 - INFO - ~~~~~~ Scrolling ~~~~~~
2023-07-04 13:55:07,248 - INFO - ====== New Business ======
2023-07-04 13:55:08,324 - INFO - Title: United Restaurant
2023-07-04 13:55:08,341 - INFO - Rating: 4.2(1,452)
2023-07-04 13:55:08,411 - INFO - Place Info: Durand Rd, Mayo Gardens Muhammad Nagar Garhi Shahu, Lahore, Punjab 54030
2023-07-04 13:55:08,412 - INFO - Place Info: Durand Rd, Mayo Gardens Muhammad Nagar گڑہی شاہو، لاہور, ضلع لاہور, پنجاب 54030
2023-07-04 13:55:08,412 - INFO - Website Info: instagram.com
2023-07-04 13:55:08,413 - INFO - Phone Info: 0307 2666643
2023-07-04 13:55:08,414 - INFO - Send To Mobile Info: Send to your phone
2023-07-04 13:55:08,426 - INFO - Shipping Info: 
2023-07-04 13:55:08,426 - INFO - Tuesday: 11 am–1 am
2023-07-04 13:55:08,426 - INFO - Wednesday: 11 am–1 am
2023-07-04 13:55:08,426 - INFO - Thursday: 11 am–1 am
2023-07-04 13:55:08,426 - INFO - Friday: 11 am–1 am
2023-07-04 13:55:08,426 - INFO - Saturday: 11 am–2 am
2023-07-04 13:55:08,426 - INFO - Sunday: 11 am–2 am
2023-07-04 13:55:08,426 - INFO - Monday: 11 am–1 am
2023-07-04 13:55:10,472 - INFO - ~~~~~~ Scrolling ~~~~~~
2023-07-04 13:55:10,565 - INFO - ====== New Business ======
2023-07-04 13:55:11,565 - INFO - Title: Date for taste
2023-07-04 13:55:11,582 - INFO - Rating: 4.4(403)
2023-07-04 13:55:11,634 - INFO - Place Info: H86C+JG7, Garhi Shahu, Lahore, Punjab 54000
2023-07-04 13:55:11,635 - INFO - Place Info: H86C+JG7، گڑہی شاہو، لاہور, Lahore, پنجاب 54000
2023-07-04 13:55:11,635 - INFO - Send To Mobile Info: Send to your phone
2023-07-04 13:55:11,636 - INFO - Other Info: Send to your phone
2023-07-04 13:55:13,673 - INFO - ~~~~~~ Scrolling ~~~~~~
2023-07-04 13:55:13,756 - INFO - ====== New Business ======
2023-07-04 13:55:14,811 - INFO - Title: Covo Restaurant
2023-07-04 13:55:14,835 - INFO - Rating: 4.2(65)
2023-07-04 13:55:14,903 - INFO - Place Info: Shara-e-Quaid-e-Azam, Mall Road, Jinnah Town, Lahore, Punjab 54000
2023-07-04 13:55:14,903 - INFO - Place Info: Shara-e-Quaid-e-Azam, Mall Road, Jinnah Town, لاہور, Lahore, پنجاب 54000
2023-07-04 13:55:14,904 - INFO - Website Info: pchotels.com
2023-07-04 13:55:14,905 - INFO - Phone Info: (042) 111 505 505
2023-07-04 13:55:14,906 - INFO - Send To Mobile Info: Send to your phone
2023-07-04 13:55:14,919 - INFO - Shipping Info: 
2023-07-04 13:55:14,920 - INFO - Tuesday: 7–11 pm
2023-07-04 13:55:14,920 - INFO - Wednesday: 7–11 pm
2023-07-04 13:55:14,920 - INFO - Thursday: 7–11 pm
2023-07-04 13:55:14,920 - INFO - Friday: 7–11 pm
2023-07-04 13:55:14,920 - INFO - Saturday: 7–11 pm
2023-07-04 13:55:14,920 - INFO - Sunday: 7–11 pm
2023-07-04 13:55:14,920 - INFO - Monday: 7–11 pm
2023-07-04 13:55:16,956 - INFO - ~~~~~~ Scrolling ~~~~~~
2023-07-04 13:55:17,033 - INFO - ====== New Business ======
2023-07-04 13:55:18,089 - INFO - Title: Fujiyama Restaurant
2023-07-04 13:55:18,113 - INFO - Rating: 4.4(704)
2023-07-04 13:55:18,173 - INFO - Place Info: 87 Shahrah-e-Quaid-e-Azam, Garhi Shahu, Lahore, Punjab 54000
2023-07-04 13:55:18,174 - INFO - Place Info: 87 شاہراہ قائداعظم، گڑہی شاہو، لاہور, Lahore, پنجاب 54000
2023-07-04 13:55:18,175 - INFO - Phone Info: (042) 111 282 747
2023-07-04 13:55:18,175 - INFO - Send To Mobile Info: Send to your phone
2023-07-04 13:55:18,190 - INFO - Shipping Info: 
2023-07-04 13:55:18,190 - INFO - Tuesday: 12–3:30 pm7–11:30 pm
2023-07-04 13:55:18,190 - INFO - Wednesday: 12–3:30 pm7–11:30 pm
2023-07-04 13:55:18,190 - INFO - Thursday: 12–3:30 pm7–11:30 pm
2023-07-04 13:55:18,190 - INFO - Friday: 12–3:30 pm7–11:30 pm
2023-07-04 13:55:18,190 - INFO - Saturday: 12–3:30 pm7–11:30 pm
2023-07-04 13:55:18,190 - INFO - Sunday: 12–3:30 pm7–11:30 pm
2023-07-04 13:55:18,190 - INFO - Monday: 12–3:30 pm7–11:30 pm
2023-07-04 13:55:20,234 - INFO - ~~~~~~ Scrolling ~~~~~~
2023-07-04 13:55:20,298 - INFO - ====== New Business ======
2023-07-04 13:55:21,357 - INFO - Title: Eat & Drink Foods
2023-07-04 13:55:21,382 - INFO - Rating: 4.0(3)
2023-07-04 13:55:21,474 - INFO - Place Info: Main Bazar Jia Musa Shahdra, Lahore
2023-07-04 13:55:21,474 - INFO - Send To Mobile Info: Send to your phone
2023-07-04 13:55:23,518 - INFO - ~~~~~~ Scrolling ~~~~~~
2023-07-04 13:55:23,591 - INFO - ====== New Business ======
2023-07-04 13:55:24,634 - INFO - Title: ملک ریسٹورنٹ اینڈ کڑاہی تکہ شاپ
2023-07-04 13:55:24,659 - INFO - Rating: 4.5(2)
2023-07-04 13:55:24,774 - INFO - Place Info: 46 Mozang Rd, Commercial Area Mozang Chungi, Lahore, Punjab 54000
2023-07-04 13:55:24,775 - INFO - Place Info: 46 مزنگ روڈ, Commercial Area مزنگ چونگی، لاہور, Lahore, پنجاب 54000
2023-07-04 13:55:24,776 - INFO - Plus Code Info: H858+3F Lahore, Pakistan
2023-07-04 13:55:24,776 - INFO - Send To Mobile Info: Send to your phone
2023-07-04 13:55:24,777 - INFO - Other Info: Send to your phone
2023-07-04 13:55:26,844 - INFO - ~~~~~~ Scrolling ~~~~~~
2023-07-04 13:55:26,940 - INFO - ====== New Business ======
2023-07-04 13:55:28,004 - INFO - Title: Qari Restaurant
2023-07-04 13:55:28,027 - INFO - Rating: 4.2(359)
2023-07-04 13:55:28,103 - INFO - Place Info: 1, Garhi Shahu, Lahore, Punjab
2023-07-04 13:55:28,104 - INFO - Place Info: 1، گڑہی شاہو، لاہور, ضلع لاہور, پنجاب
2023-07-04 13:55:28,104 - INFO - Phone Info: 0321 4267123
2023-07-04 13:55:28,105 - INFO - Send To Mobile Info: Send to your phone
2023-07-04 13:55:28,106 - INFO - Other Info: Send to your phone
2023-07-04 13:55:28,120 - INFO - Shipping Info: 
2023-07-04 13:55:28,120 - INFO - Tuesday: 11:30 am–2 am
2023-07-04 13:55:28,120 - INFO - Wednesday: 11 am–1 am
2023-07-04 13:55:28,120 - INFO - Thursday: 11 am–1 am
2023-07-04 13:55:28,120 - INFO - Friday: 11 am–1:30 am
2023-07-04 13:55:28,120 - INFO - Saturday: 11 am–1 am
2023-07-04 13:55:28,120 - INFO - Sunday: 11 am–1 am
2023-07-04 13:55:28,120 - INFO - Monday: 11 am–1 am
2023-07-04 13:55:30,168 - INFO - ~~~~~~ Scrolling ~~~~~~
2023-07-04 13:55:30,251 - INFO - ====== New Business ======
2023-07-04 13:55:31,283 - INFO - Title: Burger Corner Restaurant
2023-07-04 13:55:31,306 - INFO - Rating: 3.9(248)
2023-07-04 13:55:31,381 - INFO - Place Info: 103 Allama Iqbal Rd, Garhi Shahu, Lahore, Punjab 54000
2023-07-04 13:55:31,381 - INFO - Place Info: 103 علامہ اقبال روڈ، گڑہی شاہو، لاہور, Lahore, پنجاب 54000
2023-07-04 13:55:31,382 - INFO - Phone Info: 0323 4499331
2023-07-04 13:55:31,383 - INFO - Send To Mobile Info: Send to your phone
2023-07-04 13:55:31,383 - INFO - Other Info: Send to your phone
2023-07-04 13:55:31,398 - INFO - Shipping Info: 
2023-07-04 13:55:31,398 - INFO - Tuesday: 3 pm–2:30 am
2023-07-04 13:55:31,398 - INFO - Wednesday: 3 pm–2:30 am
2023-07-04 13:55:31,398 - INFO - Thursday: 3 pm–2:30 am
2023-07-04 13:55:31,398 - INFO - Friday: 3 pm–2:30 am
2023-07-04 13:55:31,398 - INFO - Saturday: 3 pm–2:30 am
2023-07-04 13:55:31,398 - INFO - Sunday: 3 pm–2:30 am
2023-07-04 13:55:31,398 - INFO - Monday: 3 pm–2:30 am
2023-07-04 13:55:33,433 - INFO - ~~~~~~ Scrolling ~~~~~~
2023-07-04 13:55:33,516 - INFO - ====== New Business ======
2023-07-04 13:55:34,556 - INFO - Title: Dana Pani Family Restaurant
2023-07-04 13:55:34,580 - INFO - Rating: 3.0(3)
2023-07-04 13:55:34,649 - INFO - Place Info: H8PR+RX5, Mohalla Sadaat Misri Shah, Lahore, Punjab 54900
2023-07-04 13:55:34,650 - INFO - Place Info: H8PR+RX5, Mohalla Sadaat Misri Shah, لاہور, Lahore, پنجاب 54900
2023-07-04 13:55:34,651 - INFO - Phone Info: 0309 7600011
2023-07-04 13:55:34,652 - INFO - Send To Mobile Info: Send to your phone
2023-07-04 13:55:34,652 - INFO - Other Info: Send to your phone
2023-07-04 13:55:34,666 - INFO - Shipping Info: 
2023-07-04 13:55:34,667 - INFO - Tuesday: 12 pm–1 am
2023-07-04 13:55:34,667 - INFO - Wednesday: 12 pm–1 am
2023-07-04 13:55:34,667 - INFO - Thursday: 12 pm–1 am
2023-07-04 13:55:34,667 - INFO - Friday: 12 pm–1 am
2023-07-04 13:55:34,667 - INFO - Saturday: 12 pm–1 am
2023-07-04 13:55:34,667 - INFO - Sunday: 12 pm–1 am
2023-07-04 13:55:34,667 - INFO - Monday: 12 pm–1 am
2023-07-04 13:57:02,689 - INFO - Scraping process started.
2023-07-04 13:57:02,689 - INFO - Initiating chrome web driver.
2023-07-04 13:57:02,689 - INFO - ====== WebDriver manager ======
2023-07-04 13:57:02,740 - INFO - Driver [/Users/abdulrehman/.wdm/drivers/chromedriver/mac_arm64/114.0.5735.90/chromedriver] found in cache
2023-07-04 13:57:04,116 - INFO - Searching for query: restaurants
2023-07-04 13:57:07,557 - INFO - Loading feed.
2023-07-04 13:57:07,798 - INFO - ====== New Business ======
2023-07-04 13:57:09,416 - INFO - Title: DINE FINE
2023-07-04 13:57:09,428 - INFO - Rating: 4.9(10)
2023-07-04 13:57:09,512 - INFO - Place Info: House No 8، Street 2 Pir Makki Rd, Data Gunj Buksh Town, Lahore, Punjab
2023-07-04 13:57:09,512 - INFO - Place Info: House No 8، Street 2 Pir Makki Rd، داتا گنج بخش ٹاؤن، لاہور, Lahore, پنجاب
2023-07-04 13:57:09,513 - INFO - Phone Info: 0300 4442032
2023-07-04 13:57:09,514 - INFO - Send To Mobile Info: Send to your phone
2023-07-04 13:57:09,515 - INFO - Other Info: Send to your phone
2023-07-04 13:57:09,526 - INFO - Shipping Info: 
2023-07-04 13:57:09,526 - INFO - Tuesday: Open 24 hours
2023-07-04 13:57:09,526 - INFO - Wednesday: Open 24 hours
2023-07-04 13:57:09,526 - INFO - Thursday: Open 24 hours
2023-07-04 13:57:09,527 - INFO - Friday: Open 24 hours
2023-07-04 13:57:09,527 - INFO - Saturday: Open 24 hours
2023-07-04 13:57:09,527 - INFO - Sunday: Open 24 hours
2023-07-04 13:57:09,527 - INFO - Monday: Open 24 hours
2023-07-04 13:57:11,572 - INFO - ~~~~~~ Scrolling ~~~~~~
2023-07-04 13:57:11,666 - INFO - ====== New Business ======
2023-07-04 13:57:12,682 - INFO - Title: Andaaz Restaurant
2023-07-04 13:57:12,694 - INFO - Rating: 4.1(1,545)
2023-07-04 13:57:12,797 - INFO - Place Info: 2189 A Fort Rd, Shahi Mohallah Walled City of Lahore, Lahore, Punjab
2023-07-04 13:57:12,798 - INFO - Place Info: 2189 A Fort Rd, ہیرا منڈی Shahi Mohallah اندرون لاہور، لاہور, ضلع لاہور, پنجاب
2023-07-04 13:57:12,799 - INFO - Other Info: 2189 A Fort Rd, ہیرا منڈی Shahi Mohallah اندرون لاہور، لاہور, ضلع لاہور, پنجاب
2023-07-04 13:57:12,800 - INFO - Website Info: andaazrestaurant.com
2023-07-04 13:57:12,801 - INFO - Phone Info: 0300 0263229
2023-07-04 13:57:12,801 - INFO - Send To Mobile Info: Send to your phone
2023-07-04 13:57:12,802 - INFO - Place Info: Identifies as women-owned
2023-07-04 13:57:12,813 - INFO - Shipping Info: 
2023-07-04 13:57:12,813 - INFO - Tuesday: 5–11 pm
2023-07-04 13:57:12,813 - INFO - Wednesday: 5–11 pm
2023-07-04 13:57:12,813 - INFO - Thursday: 5–11 pm
2023-07-04 13:57:12,813 - INFO - Friday: 5–11 pm
2023-07-04 13:57:12,813 - INFO - Saturday: 5–11 pm
2023-07-04 13:57:12,814 - INFO - Sunday: 5 pm–11 am
2023-07-04 13:57:12,814 - INFO - Monday: Closed
2023-07-04 13:57:14,854 - INFO - ~~~~~~ Scrolling ~~~~~~
2023-07-04 13:57:14,945 - INFO - ====== New Business ======
2023-07-04 13:57:15,972 - INFO - Title: Cooco's Den
2023-07-04 13:57:15,983 - INFO - Rating: 3.9(2,641)
2023-07-04 13:57:16,103 - INFO - Place Info: Roshnai Gate, 2168/A Food St Fort Rd, Shahi Mohallah Walled City of Lahore, Lahore, Punjab
2023-07-04 13:57:16,104 - INFO - Place Info: Roshnai Gate, 2168/A Food St Fort Rd, ہیرا منڈی Shahi Mohallah اندرون لاہور، لاہور, ضلع لاہور, پنجاب
2023-07-04 13:57:16,105 - INFO - Other Info: Roshnai Gate, 2168/A Food St Fort Rd, ہیرا منڈی Shahi Mohallah اندرون لاہور، لاہور, ضلع لاہور, پنجاب
2023-07-04 13:57:16,106 - INFO - Shipping Info: Place an order|crispy.pk
2023-07-04 13:57:16,107 - INFO - Website Info: crispy.pk
2023-07-04 13:57:16,108 - INFO - Phone Info: 0300 9472407
2023-07-04 13:57:16,109 - INFO - Send To Mobile Info: Send to your phone
2023-07-04 13:57:16,119 - INFO - Shipping Info: 
2023-07-04 13:57:16,119 - INFO - Tuesday: 12 pm–1 am
2023-07-04 13:57:16,120 - INFO - Wednesday: 12 pm–1 am
2023-07-04 13:57:16,120 - INFO - Thursday: 12 pm–1 am
2023-07-04 13:57:16,120 - INFO - Friday: 12 pm–1 am
2023-07-04 13:57:16,120 - INFO - Saturday: 12 pm–1 am
2023-07-04 13:57:16,120 - INFO - Sunday: 12 pm–1 am
2023-07-04 13:57:16,120 - INFO - Monday: 12 pm–1 am
2023-07-04 13:57:18,173 - INFO - ~~~~~~ Scrolling ~~~~~~
2023-07-04 13:57:18,254 - INFO - ====== New Business ======
2023-07-04 13:57:19,321 - INFO - Title: Haveli Restaurant
2023-07-04 13:57:19,340 - INFO - Rating: 4.2(11,899)
2023-07-04 13:57:19,413 - INFO - Place Info: 2170-A Food St Fort Rd, opposite Badshahi Mosque, Shahi Mohallah Walled City of Lahore, Lahore, Punjab
2023-07-04 13:57:19,414 - INFO - Place Info: 2170-A Food St Fort Rd, opposite Badshahi Mosque, Shahi Mohallah اندرون لاہور، لاہور, ضلع لاہور, پنجاب
2023-07-04 13:57:19,415 - INFO - Website Info: haveli.com.pk
2023-07-04 13:57:19,416 - INFO - Phone Info: 0300 8414899
2023-07-04 13:57:19,416 - INFO - Send To Mobile Info: Send to your phone
2023-07-04 13:57:19,429 - INFO - Shipping Info: 
2023-07-04 13:57:19,429 - INFO - Tuesday: 12 pm–12:30 am
2023-07-04 13:57:19,429 - INFO - Wednesday: 12 pm–12:30 am
2023-07-04 13:57:19,429 - INFO - Thursday: 12 pm–12:30 am
2023-07-04 13:57:19,430 - INFO - Friday: 12 pm–12:30 am
2023-07-04 13:57:19,430 - INFO - Saturday: 12 pm–1 am
2023-07-04 13:57:19,430 - INFO - Sunday: 12 pm–12:30 am
2023-07-04 13:57:19,430 - INFO - Monday: 12 pm–12:30 am
2023-07-04 13:57:21,484 - INFO - ~~~~~~ Scrolling ~~~~~~
2023-07-04 13:57:21,579 - INFO - ====== New Business ======
2023-07-04 13:57:22,624 - INFO - Title: Bar-e-Sagheer Restaurant
2023-07-04 13:57:22,642 - INFO - Rating: 4.0(51)
2023-07-04 13:57:22,737 - INFO - Place Info: Near Ravi toll tax shahdrah, Lahore, 54000
2023-07-04 13:57:22,738 - INFO - Place Info: Near Ravi toll tax shahdrah, لاہور, Lahore, 54000
2023-07-04 13:57:22,739 - INFO - Shipping Info: Place an order|foodpanda.pk
2023-07-04 13:57:22,740 - INFO - Phone Info: 0323 5210020
2023-07-04 13:57:22,740 - INFO - Send To Mobile Info: Send to your phone
2023-07-04 13:57:22,753 - INFO - Shipping Info: 
2023-07-04 13:57:22,753 - INFO - Tuesday: 5 pm–12 am
2023-07-04 13:57:22,753 - INFO - Wednesday: 5 pm–12 am
2023-07-04 13:57:22,753 - INFO - Thursday: 5 pm–12 am
2023-07-04 13:57:22,753 - INFO - Friday: 5 pm–12 am
2023-07-04 13:57:22,754 - INFO - Saturday: 5 pm–12 am
2023-07-04 13:57:22,754 - INFO - Sunday: 5 pm–12 am
2023-07-04 13:57:22,754 - INFO - Monday: 5 pm–12 am
2023-07-04 13:57:24,792 - INFO - ~~~~~~ Scrolling ~~~~~~
2023-07-04 13:57:24,885 - INFO - ====== New Business ======
2023-07-04 13:57:25,944 - INFO - Title: Ghani Jee Restaurant
2023-07-04 13:57:25,962 - INFO - Rating: 3.7(167)
2023-07-04 13:57:26,047 - INFO - Place Info: 8 (A Abbott Road, Royal Park Lahore, Punjab 54000
2023-07-04 13:57:26,048 - INFO - Place Info: 8 (A ایبٹ روڈ، رویل پارک Royal Park، لاہور, ضلع لاہور, پنجاب 54000
2023-07-04 13:57:26,049 - INFO - Shipping Info: Place an order|foodpanda.pk
2023-07-04 13:57:26,050 - INFO - Website Info: facebook.com
2023-07-04 13:57:26,051 - INFO - Phone Info: 0322 6435061
2023-07-04 13:57:26,052 - INFO - Send To Mobile Info: Send to your phone
2023-07-04 13:57:26,064 - INFO - Shipping Info: 
2023-07-04 13:57:26,065 - INFO - Tuesday: 6:30 am–2 am
2023-07-04 13:57:26,065 - INFO - Wednesday: 6:30 am–2 am
2023-07-04 13:57:26,065 - INFO - Thursday: 6:30 am–2 am
2023-07-04 13:57:26,065 - INFO - Friday: 6:30 am–2 am
2023-07-04 13:57:26,065 - INFO - Saturday: 6:30 am–2 am
2023-07-04 13:57:26,066 - INFO - Sunday: 6:30 am–2 am
2023-07-04 13:57:26,066 - INFO - Monday: 6:30 am–2 am
2023-07-04 13:57:28,103 - INFO - ~~~~~~ Scrolling ~~~~~~
2023-07-04 13:57:28,200 - INFO - ====== New Business ======
2023-07-04 13:57:29,260 - INFO - Title: Carry Homes Restaurant
2023-07-04 13:57:29,278 - INFO - Rating: 4.2(181)
2023-07-04 13:57:29,357 - INFO - Place Info: H86C+X47, Beadon Rd, Mayo Gardens, Lahore, Punjab, Garhi Shahu, Lahore, Punjab 54000
2023-07-04 13:57:29,358 - INFO - Place Info: H86C+X47, Beadon Rd, Mayo Gardens, Lahore, Punjab, گڑہی شاہو، لاہور, Lahore, پنجاب 54000
2023-07-04 13:57:29,359 - INFO - Phone Info: (042) 36303811
2023-07-04 13:57:29,359 - INFO - Send To Mobile Info: Send to your phone
2023-07-04 13:57:29,360 - INFO - Other Info: Send to your phone
2023-07-04 13:57:29,373 - INFO - Shipping Info: 
2023-07-04 13:57:29,373 - INFO - Tuesday: 11 am–8 pm
2023-07-04 13:57:29,373 - INFO - Wednesday: 11 am–8 pm
2023-07-04 13:57:29,374 - INFO - Thursday: 11 am–8 pm
2023-07-04 13:57:29,374 - INFO - Friday: 11 am–8 pm
2023-07-04 13:57:29,374 - INFO - Saturday: 11 am–8 pm
2023-07-04 13:57:29,374 - INFO - Sunday: Closed
2023-07-04 13:57:29,374 - INFO - Monday: 11 am–8 pm
2023-07-04 13:57:31,421 - INFO - ~~~~~~ Scrolling ~~~~~~
2023-07-04 13:57:31,517 - INFO - ====== New Business ======
2023-07-04 13:57:32,576 - INFO - Title: United Restaurant
2023-07-04 13:57:32,594 - INFO - Rating: 4.2(1,452)
2023-07-04 13:57:32,669 - INFO - Place Info: Durand Rd, Mayo Gardens Muhammad Nagar Garhi Shahu, Lahore, Punjab 54030
2023-07-04 13:57:32,670 - INFO - Place Info: Durand Rd, Mayo Gardens Muhammad Nagar گڑہی شاہو، لاہور, ضلع لاہور, پنجاب 54030
2023-07-04 13:57:32,671 - INFO - Website Info: instagram.com
2023-07-04 13:57:32,672 - INFO - Phone Info: 0307 2666643
2023-07-04 13:57:32,673 - INFO - Send To Mobile Info: Send to your phone
2023-07-04 13:57:32,685 - INFO - Shipping Info: 
2023-07-04 13:57:32,686 - INFO - Tuesday: 11 am–1 am
2023-07-04 13:57:32,686 - INFO - Wednesday: 11 am–1 am
2023-07-04 13:57:32,686 - INFO - Thursday: 11 am–1 am
2023-07-04 13:57:32,686 - INFO - Friday: 11 am–1 am
2023-07-04 13:57:32,686 - INFO - Saturday: 11 am–2 am
2023-07-04 13:57:32,686 - INFO - Sunday: 11 am–2 am
2023-07-04 13:57:32,687 - INFO - Monday: 11 am–1 am
2023-07-04 13:57:34,719 - INFO - ~~~~~~ Scrolling ~~~~~~
2023-07-04 13:57:34,812 - INFO - ====== New Business ======
2023-07-04 21:26:23,378 - INFO - Scraping process started.
2023-07-04 21:26:23,379 - INFO - Initiating chrome web driver.
2023-07-04 21:26:23,379 - INFO - ====== WebDriver manager ======
2023-07-04 21:26:27,139 - INFO - Driver [/Users/abdulrehman/.wdm/drivers/chromedriver/mac_arm64/114.0.5735.90/chromedriver] found in cache
2023-07-04 21:26:28,720 - INFO - Searching for query: restaurants
2023-07-04 21:26:31,918 - INFO - Scrolling into feed.
2023-07-04 21:26:32,028 - INFO - ====== New Business ======
2023-07-04 21:26:33,732 - INFO - Title: DINE FINE
2023-07-04 21:26:33,747 - INFO - Rating: 4.9(10)
2023-07-04 21:26:33,890 - INFO - Place Info: House No 8، Street 2 Pir Makki Rd, Data Gunj Buksh Town, Lahore, Punjab, Pakistan
2023-07-04 21:26:33,891 - INFO - Place Info: House No 8، Street 2 Pir Makki Rd، داتا گنج بخش ٹاؤن، لاہور, Lahore, پنجاب
2023-07-04 21:26:33,892 - INFO - Phone Info: +92 300 4442032
2023-07-04 21:26:33,893 - INFO - Plus Code Info: H8J4+X2 Lahore, Pakistan
2023-07-04 21:26:33,894 - INFO - Send To Mobile Info: Send to your phone
2023-07-04 21:26:33,895 - INFO - Other Info: Send to your phone
2023-07-04 21:26:33,911 - INFO - Shipping Info: 
2023-07-04 21:26:33,911 - INFO - Tuesday: Open 24 hours
2023-07-04 21:26:33,912 - INFO - Wednesday: Open 24 hours
2023-07-04 21:26:33,912 - INFO - Thursday: Open 24 hours
2023-07-04 21:26:33,912 - INFO - Friday: Open 24 hours
2023-07-04 21:26:33,912 - INFO - Saturday: Open 24 hours
2023-07-04 21:26:33,912 - INFO - Sunday: Open 24 hours
2023-07-04 21:26:33,913 - INFO - Monday: Open 24 hours
2023-07-04 21:26:36,004 - INFO - ~~~~~~ Scrolling ~~~~~~
2023-07-04 21:26:36,099 - INFO - ====== New Business ======
2023-07-04 21:26:37,137 - INFO - Title: Andaaz Restaurant
2023-07-04 21:26:37,148 - INFO - Rating: 4.1(1,545)
2023-07-04 21:26:37,315 - INFO - Place Info: 2189 A Fort Rd, Shahi Mohallah Walled City of Lahore, Lahore, Punjab
2023-07-04 21:26:37,317 - INFO - Place Info: 2189 A Fort Rd, ہیرا منڈی Shahi Mohallah اندرون لاہور، لاہور, ضلع لاہور, پنجاب
2023-07-04 21:26:37,317 - INFO - Other Info: 2189 A Fort Rd, ہیرا منڈی Shahi Mohallah اندرون لاہور، لاہور, ضلع لاہور, پنجاب
2023-07-04 21:26:37,318 - INFO - Website Info: andaazrestaurant.com
2023-07-04 21:26:37,320 - INFO - Phone Info: 0300 0263229
2023-07-04 21:26:37,320 - INFO - Send To Mobile Info: Send to your phone
2023-07-04 21:26:37,321 - INFO - Place Info: Identifies as women-owned
2023-07-04 21:26:37,332 - INFO - Shipping Info: 
2023-07-04 21:26:37,332 - INFO - Tuesday: 5–11 pm
2023-07-04 21:26:37,332 - INFO - Wednesday: 5–11 pm
2023-07-04 21:26:37,332 - INFO - Thursday: 5–11 pm
2023-07-04 21:26:37,332 - INFO - Friday: 5–11 pm
2023-07-04 21:26:37,333 - INFO - Saturday: 5–11 pm
2023-07-04 21:26:37,333 - INFO - Sunday: 5 pm–11 am
2023-07-04 21:26:37,333 - INFO - Monday: Closed
2023-07-04 21:26:39,377 - INFO - ~~~~~~ Scrolling ~~~~~~
2023-07-04 21:26:39,442 - INFO - ====== New Business ======
2023-07-04 21:26:40,454 - INFO - Title: Cooco's Den
2023-07-04 21:26:40,465 - INFO - Rating: 3.9(2,641)
2023-07-04 21:26:40,559 - INFO - Place Info: Roshnai Gate, 2168/A Food St Fort Rd, Shahi Mohallah Walled City of Lahore, Lahore, Punjab
2023-07-04 21:26:40,560 - INFO - Place Info: Roshnai Gate, 2168/A Food St Fort Rd, ہیرا منڈی Shahi Mohallah اندرون لاہور، لاہور, ضلع لاہور, پنجاب
2023-07-04 21:26:40,561 - INFO - Other Info: Roshnai Gate, 2168/A Food St Fort Rd, ہیرا منڈی Shahi Mohallah اندرون لاہور، لاہور, ضلع لاہور, پنجاب
2023-07-04 21:26:40,561 - INFO - Shipping Info: Place an order|crispy.pk
2023-07-04 21:26:40,562 - INFO - Website Info: crispy.pk
2023-07-04 21:26:40,563 - INFO - Phone Info: 0300 9472407
2023-07-04 21:26:40,564 - INFO - Send To Mobile Info: Send to your phone
2023-07-04 21:26:40,575 - INFO - Shipping Info: 
2023-07-04 21:26:40,575 - INFO - Tuesday: 12 pm–1 am
2023-07-04 21:26:40,575 - INFO - Wednesday: 12 pm–1 am
2023-07-04 21:26:40,575 - INFO - Thursday: 12 pm–1 am
2023-07-04 21:26:40,575 - INFO - Friday: 12 pm–1 am
2023-07-04 21:26:40,575 - INFO - Saturday: 12 pm–1 am
2023-07-04 21:26:40,575 - INFO - Sunday: 12 pm–1 am
2023-07-04 21:26:40,576 - INFO - Monday: 12 pm–1 am
2023-07-04 21:26:42,614 - INFO - ~~~~~~ Scrolling ~~~~~~
2023-07-04 21:26:42,714 - INFO - ====== New Business ======
2023-07-04 21:26:43,773 - INFO - Title: Haveli Restaurant
2023-07-04 21:26:43,794 - INFO - Rating: 4.2(11,901)
2023-07-04 21:26:43,905 - INFO - Place Info: 2170-A Food St Fort Rd, opposite Badshahi Mosque, Shahi Mohallah Walled City of Lahore, Lahore, Punjab
2023-07-04 21:26:43,906 - INFO - Place Info: 2170-A Food St Fort Rd, opposite Badshahi Mosque, Shahi Mohallah اندرون لاہور، لاہور, ضلع لاہور, پنجاب
2023-07-04 21:26:43,908 - INFO - Other Info: 2170-A Food St Fort Rd, opposite Badshahi Mosque, Shahi Mohallah اندرون لاہور، لاہور, ضلع لاہور, پنجاب
2023-07-04 21:26:43,913 - INFO - Other Info: 2170-A Food St Fort Rd, opposite Badshahi Mosque, Shahi Mohallah اندرون لاہور، لاہور, ضلع لاہور, پنجاب
2023-07-04 21:26:43,917 - INFO - Website Info: haveli.com.pk
2023-07-04 21:26:43,918 - INFO - Phone Info: 0300 8414899
2023-07-04 21:26:43,919 - INFO - Plus Code Info: H8P6+PG Lahore, Pakistan
2023-07-04 21:26:43,920 - INFO - Send To Mobile Info: Send to your phone
2023-07-04 21:26:43,933 - INFO - Shipping Info: 
2023-07-04 21:26:43,933 - INFO - Tuesday: 12 pm–12:30 am
2023-07-04 21:26:43,934 - INFO - Wednesday: 12 pm–12:30 am
2023-07-04 21:26:43,934 - INFO - Thursday: 12 pm–12:30 am
2023-07-04 21:26:43,934 - INFO - Friday: 12 pm–12:30 am
2023-07-04 21:26:43,934 - INFO - Saturday: 12 pm–1 am
2023-07-04 21:26:43,934 - INFO - Sunday: 12 pm–12:30 am
2023-07-04 21:26:43,934 - INFO - Monday: 12 pm–12:30 am
2023-07-04 21:26:45,977 - INFO - ~~~~~~ Scrolling ~~~~~~
2023-07-04 21:26:46,073 - INFO - ====== New Business ======
2023-07-04 21:26:47,197 - INFO - Title: Bar-e-Sagheer Restaurant
2023-07-04 21:26:47,216 - INFO - Rating: 4.0(51)
2023-07-04 21:26:47,330 - INFO - Place Info: Near Ravi toll tax shahdrah, Lahore, 54000
2023-07-04 21:26:47,331 - INFO - Place Info: Near Ravi toll tax shahdrah, لاہور, Lahore, 54000
2023-07-04 21:26:47,332 - INFO - Shipping Info: Place an order|foodpanda.pk
2023-07-04 21:26:47,334 - INFO - Phone Info: 0323 5210020
2023-07-04 21:26:47,335 - INFO - Plus Code Info: J75V+X9 Lahore, Pakistan
2023-07-04 21:26:47,336 - INFO - Send To Mobile Info: Send to your phone
2023-07-04 21:26:47,351 - INFO - Shipping Info: 
2023-07-04 21:26:47,351 - INFO - Tuesday: 5 pm–12 am
2023-07-04 21:26:47,351 - INFO - Wednesday: 5 pm–12 am
2023-07-04 21:26:47,351 - INFO - Thursday: 5 pm–12 am
2023-07-04 21:26:47,352 - INFO - Friday: 5 pm–12 am
2023-07-04 21:26:47,352 - INFO - Saturday: 5 pm–12 am
2023-07-04 21:26:47,352 - INFO - Sunday: 5 pm–12 am
2023-07-04 21:26:47,352 - INFO - Monday: 5 pm–12 am
2023-07-04 21:26:49,415 - INFO - ~~~~~~ Scrolling ~~~~~~
2023-07-04 21:26:49,509 - INFO - ====== New Business ======
